mode: set
github.com/malaschitz/randomForest/boruta.go:20.69,22.2 1 0
github.com/malaschitz/randomForest/boruta.go:24.134,27.33 2 0
github.com/malaschitz/randomForest/boruta.go:31.2,32.6 2 0
github.com/malaschitz/randomForest/boruta.go:27.33,29.3 1 0
github.com/malaschitz/randomForest/boruta.go:32.6,37.31 4 0
github.com/malaschitz/randomForest/boruta.go:45.3,45.32 1 0
github.com/malaschitz/randomForest/boruta.go:51.3,52.43 2 0
github.com/malaschitz/randomForest/boruta.go:86.3,89.33 4 0
github.com/malaschitz/randomForest/boruta.go:95.3,95.14 1 0
github.com/malaschitz/randomForest/boruta.go:99.3,99.75 1 0
github.com/malaschitz/randomForest/boruta.go:106.3,107.14 2 0
github.com/malaschitz/randomForest/boruta.go:37.31,39.34 2 0
github.com/malaschitz/randomForest/boruta.go:39.34,41.5 1 0
github.com/malaschitz/randomForest/boruta.go:45.32,46.34 1 0
github.com/malaschitz/randomForest/boruta.go:46.34,48.5 1 0
github.com/malaschitz/randomForest/boruta.go:52.43,53.15 1 0
github.com/malaschitz/randomForest/boruta.go:57.4,57.34 1 0
github.com/malaschitz/randomForest/boruta.go:65.4,69.43 4 0
github.com/malaschitz/randomForest/boruta.go:74.4,75.34 2 0
github.com/malaschitz/randomForest/boruta.go:81.4,81.15 1 0
github.com/malaschitz/randomForest/boruta.go:53.15,55.5 1 0
github.com/malaschitz/randomForest/boruta.go:57.34,59.34 2 0
github.com/malaschitz/randomForest/boruta.go:59.34,62.6 2 0
github.com/malaschitz/randomForest/boruta.go:69.43,70.49 1 0
github.com/malaschitz/randomForest/boruta.go:70.49,72.6 1 0
github.com/malaschitz/randomForest/boruta.go:75.34,76.49 1 0
github.com/malaschitz/randomForest/boruta.go:76.49,79.6 2 0
github.com/malaschitz/randomForest/boruta.go:81.15,83.5 1 0
github.com/malaschitz/randomForest/boruta.go:89.33,90.31 1 0
github.com/malaschitz/randomForest/boruta.go:90.31,93.5 2 0
github.com/malaschitz/randomForest/boruta.go:95.14,98.4 2 0
github.com/malaschitz/randomForest/boruta.go:99.75,101.33 2 0
github.com/malaschitz/randomForest/boruta.go:104.4,104.23 1 0
github.com/malaschitz/randomForest/boruta.go:101.33,103.5 1 0
github.com/malaschitz/randomForest/boruta.go:107.14,109.33 2 0
github.com/malaschitz/randomForest/boruta.go:112.4,112.45 1 0
github.com/malaschitz/randomForest/boruta.go:109.33,111.5 1 0
github.com/malaschitz/randomForest/boruta.go:118.54,122.26 4 0
github.com/malaschitz/randomForest/boruta.go:127.2,127.25 1 0
github.com/malaschitz/randomForest/boruta.go:132.2,132.10 1 0
github.com/malaschitz/randomForest/boruta.go:122.26,126.3 3 0
github.com/malaschitz/randomForest/boruta.go:127.25,128.46 1 0
github.com/malaschitz/randomForest/boruta.go:128.46,130.4 1 0
github.com/malaschitz/randomForest/deepForest.go:22.52,29.2 3 1
github.com/malaschitz/randomForest/deepForest.go:32.72,40.44 7 1
github.com/malaschitz/randomForest/deepForest.go:97.2,97.37 1 1
github.com/malaschitz/randomForest/deepForest.go:40.44,42.3 1 1
github.com/malaschitz/randomForest/deepForest.go:43.2,44.40 1 1
github.com/malaschitz/randomForest/deepForest.go:44.40,51.48 6 1
github.com/malaschitz/randomForest/deepForest.go:58.4,64.28 5 1
github.com/malaschitz/randomForest/deepForest.go:79.4,80.69 2 1
github.com/malaschitz/randomForest/deepForest.go:51.48,53.28 2 1
github.com/malaschitz/randomForest/deepForest.go:56.5,56.26 1 1
github.com/malaschitz/randomForest/deepForest.go:53.28,55.6 1 1
github.com/malaschitz/randomForest/deepForest.go:64.28,69.28 5 1
github.com/malaschitz/randomForest/deepForest.go:75.5,75.37 1 1
github.com/malaschitz/randomForest/deepForest.go:69.28,70.19 1 1
github.com/malaschitz/randomForest/deepForest.go:70.19,73.7 2 1
github.com/malaschitz/randomForest/deepForest.go:75.37,77.6 1 1
github.com/malaschitz/randomForest/deepForest.go:84.2,86.45 2 1
github.com/malaschitz/randomForest/deepForest.go:91.3,94.4 2 1
github.com/malaschitz/randomForest/deepForest.go:86.45,90.4 3 1
github.com/malaschitz/randomForest/deepForest.go:101.56,105.35 3 1
github.com/malaschitz/randomForest/deepForest.go:115.2,116.49 2 1
github.com/malaschitz/randomForest/deepForest.go:122.2,122.50 1 1
github.com/malaschitz/randomForest/deepForest.go:125.2,125.14 1 1
github.com/malaschitz/randomForest/deepForest.go:105.35,107.47 2 1
github.com/malaschitz/randomForest/deepForest.go:110.3,111.30 2 1
github.com/malaschitz/randomForest/deepForest.go:107.47,109.4 1 1
github.com/malaschitz/randomForest/deepForest.go:116.49,118.51 2 1
github.com/malaschitz/randomForest/deepForest.go:118.51,120.4 1 1
github.com/malaschitz/randomForest/deepForest.go:122.50,124.3 1 1
github.com/malaschitz/randomForest/forest.go:58.64,61.29 2 1
github.com/malaschitz/randomForest/forest.go:69.2,69.34 1 1
github.com/malaschitz/randomForest/forest.go:61.29,63.18 2 1
github.com/malaschitz/randomForest/forest.go:63.18,64.17 1 1
github.com/malaschitz/randomForest/forest.go:65.4,65.21 1 1
github.com/malaschitz/randomForest/forest.go:64.17,64.24 1 1
github.com/malaschitz/randomForest/forest.go:69.34,71.3 1 1
github.com/malaschitz/randomForest/forest.go:75.40,81.29 6 1
github.com/malaschitz/randomForest/forest.go:88.2,88.39 1 1
github.com/malaschitz/randomForest/forest.go:91.2,91.32 1 1
github.com/malaschitz/randomForest/forest.go:81.29,83.40 2 1
github.com/malaschitz/randomForest/forest.go:83.40,85.4 1 1
github.com/malaschitz/randomForest/forest.go:88.39,90.3 1 1
github.com/malaschitz/randomForest/forest.go:102.98,105.41 3 1
github.com/malaschitz/randomForest/forest.go:109.2,111.32 3 1
github.com/malaschitz/randomForest/forest.go:114.2,116.50 2 1
github.com/malaschitz/randomForest/forest.go:119.2,119.35 1 1
github.com/malaschitz/randomForest/forest.go:105.41,108.3 2 1
github.com/malaschitz/randomForest/forest.go:111.32,113.3 1 1
github.com/malaschitz/randomForest/forest.go:116.50,118.3 1 1
github.com/malaschitz/randomForest/forest.go:122.34,126.38 4 1
github.com/malaschitz/randomForest/forest.go:131.2,131.27 1 1
github.com/malaschitz/randomForest/forest.go:134.2,134.26 1 1
github.com/malaschitz/randomForest/forest.go:142.2,142.26 1 1
github.com/malaschitz/randomForest/forest.go:126.38,127.26 1 1
github.com/malaschitz/randomForest/forest.go:127.26,129.4 1 1
github.com/malaschitz/randomForest/forest.go:131.27,133.3 1 1
github.com/malaschitz/randomForest/forest.go:134.26,136.27 2 1
github.com/malaschitz/randomForest/forest.go:136.27,138.4 1 1
github.com/malaschitz/randomForest/forest.go:138.9,138.34 1 1
github.com/malaschitz/randomForest/forest.go:138.34,140.4 1 1
github.com/malaschitz/randomForest/forest.go:142.26,144.3 1 1
github.com/malaschitz/randomForest/forest.go:148.51,150.37 2 1
github.com/malaschitz/randomForest/forest.go:156.2,156.38 1 1
github.com/malaschitz/randomForest/forest.go:159.2,159.14 1 1
github.com/malaschitz/randomForest/forest.go:150.37,152.53 2 1
github.com/malaschitz/randomForest/forest.go:152.53,154.4 1 1
github.com/malaschitz/randomForest/forest.go:156.38,158.3 1 1
github.com/malaschitz/randomForest/forest.go:163.57,166.37 3 1
github.com/malaschitz/randomForest/forest.go:179.2,179.38 1 1
github.com/malaschitz/randomForest/forest.go:182.2,182.14 1 1
github.com/malaschitz/randomForest/forest.go:166.37,169.12 3 1
github.com/malaschitz/randomForest/forest.go:169.12,171.40 2 1
github.com/malaschitz/randomForest/forest.go:174.4,174.14 1 1
github.com/malaschitz/randomForest/forest.go:171.40,173.5 1 1
github.com/malaschitz/randomForest/forest.go:175.10,177.4 0 1
github.com/malaschitz/randomForest/forest.go:179.38,181.3 1 1
github.com/malaschitz/randomForest/forest.go:186.42,191.36 4 1
github.com/malaschitz/randomForest/forest.go:198.2,204.36 6 1
github.com/malaschitz/randomForest/forest.go:211.2,216.14 4 1
github.com/malaschitz/randomForest/forest.go:191.36,196.3 4 1
github.com/malaschitz/randomForest/forest.go:204.36,205.15 1 1
github.com/malaschitz/randomForest/forest.go:205.15,209.4 3 1
github.com/malaschitz/randomForest/forest.go:220.48,222.37 2 1
github.com/malaschitz/randomForest/forest.go:228.2,228.39 1 1
github.com/malaschitz/randomForest/forest.go:231.2,234.39 3 1
github.com/malaschitz/randomForest/forest.go:237.2,239.36 3 1
github.com/malaschitz/randomForest/forest.go:242.2,255.25 12 1
github.com/malaschitz/randomForest/forest.go:222.37,224.40 2 1
github.com/malaschitz/randomForest/forest.go:224.40,226.4 1 1
github.com/malaschitz/randomForest/forest.go:228.39,230.3 1 1
github.com/malaschitz/randomForest/forest.go:234.39,236.3 1 1
github.com/malaschitz/randomForest/forest.go:239.36,241.3 1 1
github.com/malaschitz/randomForest/forest.go:258.84,260.26 2 1
github.com/malaschitz/randomForest/forest.go:263.2,267.90 4 1
github.com/malaschitz/randomForest/forest.go:276.2,280.32 5 1
github.com/malaschitz/randomForest/forest.go:314.2,321.35 8 1
github.com/malaschitz/randomForest/forest.go:331.2,334.47 4 1
github.com/malaschitz/randomForest/forest.go:260.26,262.3 1 1
github.com/malaschitz/randomForest/forest.go:267.90,270.32 3 1
github.com/malaschitz/randomForest/forest.go:273.3,273.9 1 1
github.com/malaschitz/randomForest/forest.go:270.32,272.4 1 1
github.com/malaschitz/randomForest/forest.go:280.32,283.36 2 1
github.com/malaschitz/randomForest/forest.go:286.3,286.39 1 1
github.com/malaschitz/randomForest/forest.go:292.3,296.36 5 1
github.com/malaschitz/randomForest/forest.go:283.36,285.4 1 1
github.com/malaschitz/randomForest/forest.go:286.39,290.4 3 1
github.com/malaschitz/randomForest/forest.go:296.36,298.23 2 1
github.com/malaschitz/randomForest/forest.go:309.4,310.22 2 1
github.com/malaschitz/randomForest/forest.go:298.23,302.22 4 1
github.com/malaschitz/randomForest/forest.go:307.5,307.20 1 1
github.com/malaschitz/randomForest/forest.go:302.22,306.6 3 1
github.com/malaschitz/randomForest/forest.go:321.35,322.44 1 1
github.com/malaschitz/randomForest/forest.go:322.44,325.4 2 1
github.com/malaschitz/randomForest/forest.go:325.9,328.4 2 1
github.com/malaschitz/randomForest/forest.go:337.47,339.2 1 1
github.com/malaschitz/randomForest/forest.go:341.56,346.39 4 1
github.com/malaschitz/randomForest/forest.go:349.2,349.13 1 1
github.com/malaschitz/randomForest/forest.go:354.2,354.12 1 1
github.com/malaschitz/randomForest/forest.go:346.39,348.3 1 1
github.com/malaschitz/randomForest/forest.go:349.13,350.40 1 1
github.com/malaschitz/randomForest/forest.go:350.40,352.4 1 1
github.com/malaschitz/randomForest/forest.go:357.49,358.19 1 1
github.com/malaschitz/randomForest/forest.go:361.2,363.32 3 1
github.com/malaschitz/randomForest/forest.go:358.19,360.3 1 1
github.com/malaschitz/randomForest/forest.go:367.51,368.19 1 1
github.com/malaschitz/randomForest/forest.go:371.2,371.40 1 1
github.com/malaschitz/randomForest/forest.go:374.2,374.31 1 1
github.com/malaschitz/randomForest/forest.go:368.19,370.3 1 1
github.com/malaschitz/randomForest/forest.go:371.40,373.3 1 1
github.com/malaschitz/randomForest/forest.go:377.31,378.19 1 0
github.com/malaschitz/randomForest/forest.go:378.19,381.3 1 0
github.com/malaschitz/randomForest/forest.go:381.8,387.3 4 0
github.com/malaschitz/randomForest/forest.go:390.38,391.19 1 0
github.com/malaschitz/randomForest/forest.go:394.2,394.62 1 0
github.com/malaschitz/randomForest/forest.go:391.19,393.3 1 0
github.com/malaschitz/randomForest/forest.go:397.37,399.25 2 0
github.com/malaschitz/randomForest/forest.go:402.2,402.10 1 0
github.com/malaschitz/randomForest/forest.go:399.25,401.3 1 0
github.com/malaschitz/randomForest/forest.go:405.31,407.25 2 1
github.com/malaschitz/randomForest/forest.go:410.2,412.25 3 1
github.com/malaschitz/randomForest/forest.go:415.2,415.10 1 1
github.com/malaschitz/randomForest/forest.go:407.25,409.3 1 1
github.com/malaschitz/randomForest/forest.go:412.25,414.3 1 1
github.com/malaschitz/randomForest/xforest.go:10.41,16.38 6 1
github.com/malaschitz/randomForest/xforest.go:21.2,21.27 1 1
github.com/malaschitz/randomForest/xforest.go:24.2,24.26 1 1
github.com/malaschitz/randomForest/xforest.go:32.2,34.29 3 1
github.com/malaschitz/randomForest/xforest.go:37.2,39.29 3 1
github.com/malaschitz/randomForest/xforest.go:45.2,45.39 1 1
github.com/malaschitz/randomForest/xforest.go:48.2,48.32 1 1
github.com/malaschitz/randomForest/xforest.go:16.38,17.26 1 1
github.com/malaschitz/randomForest/xforest.go:17.26,19.4 1 1
github.com/malaschitz/randomForest/xforest.go:21.27,23.3 1 1
github.com/malaschitz/randomForest/xforest.go:24.26,26.27 2 1
github.com/malaschitz/randomForest/xforest.go:26.27,28.4 1 0
github.com/malaschitz/randomForest/xforest.go:28.9,28.34 1 1
github.com/malaschitz/randomForest/xforest.go:28.34,30.4 1 0
github.com/malaschitz/randomForest/xforest.go:34.29,36.3 1 1
github.com/malaschitz/randomForest/xforest.go:39.29,41.40 2 1
github.com/malaschitz/randomForest/xforest.go:41.40,43.4 1 1
github.com/malaschitz/randomForest/xforest.go:45.39,47.3 1 1
github.com/malaschitz/randomForest/xforest.go:52.63,58.36 5 1
github.com/malaschitz/randomForest/xforest.go:65.2,71.36 6 1
github.com/malaschitz/randomForest/xforest.go:78.2,83.14 4 1
github.com/malaschitz/randomForest/xforest.go:58.36,63.3 4 1
github.com/malaschitz/randomForest/xforest.go:71.36,72.15 1 1
github.com/malaschitz/randomForest/xforest.go:72.15,76.4 3 1
github.com/malaschitz/randomForest/xforest.go:86.85,89.26 2 1
github.com/malaschitz/randomForest/xforest.go:92.2,96.55 4 1
github.com/malaschitz/randomForest/xforest.go:105.2,109.32 5 1
github.com/malaschitz/randomForest/xforest.go:146.2,153.35 8 1
github.com/malaschitz/randomForest/xforest.go:163.2,166.48 4 1
github.com/malaschitz/randomForest/xforest.go:89.26,91.3 1 1
github.com/malaschitz/randomForest/xforest.go:96.55,99.32 3 1
github.com/malaschitz/randomForest/xforest.go:102.3,102.9 1 1
github.com/malaschitz/randomForest/xforest.go:99.32,101.4 1 1
github.com/malaschitz/randomForest/xforest.go:109.32,113.36 3 1
github.com/malaschitz/randomForest/xforest.go:121.3,121.17 1 1
github.com/malaschitz/randomForest/xforest.go:124.3,129.36 6 1
github.com/malaschitz/randomForest/xforest.go:136.3,139.20 4 1
github.com/malaschitz/randomForest/xforest.go:113.36,114.21 1 1
github.com/malaschitz/randomForest/xforest.go:117.4,117.21 1 1
github.com/malaschitz/randomForest/xforest.go:114.21,116.5 1 1
github.com/malaschitz/randomForest/xforest.go:117.21,119.5 1 1
github.com/malaschitz/randomForest/xforest.go:121.17,122.12 1 0
github.com/malaschitz/randomForest/xforest.go:129.36,130.23 1 1
github.com/malaschitz/randomForest/xforest.go:130.23,134.5 3 1
github.com/malaschitz/randomForest/xforest.go:139.20,143.4 3 1
github.com/malaschitz/randomForest/xforest.go:153.35,154.44 1 1
github.com/malaschitz/randomForest/xforest.go:154.44,157.4 2 1
github.com/malaschitz/randomForest/xforest.go:157.9,160.4 2 1
